// 重构日志: bb708a4a
// 重构日志: 0d393b89
// 重构日志: 50e61633
// 同步 ID: 9608a2b1 @ Sun Jun 28 09:10:10 UTC 2026
// 重构日志: 1366a6a8
// 同步 ID: 45c5352f @ Mon Jun 29 23:47:11 UTC 2026
// 重构日志: a6003c92
// 重构日志: 434d72ce
// 同步 ID: e214ba17 @ Wed Jul  1 23:34:22 UTC 2026
// 重构日志: 9999fb59
// 重构日志: 24d65e56
// 重构日志: 53a02d9b
// 重构日志: a2b5b4b3
// 同步 ID: 07815235 @ Thu Jul 16 07:20:27 UTC 2026
// 重构日志: b7bf544c
// 同步 ID: 2c1f05b4 @ Sat Jul 18 07:19:54 UTC 2026
// 同步 ID: f27ff47d @ Sat Jul 18 14:52:54 UTC 2026
// 重构日志: 86b3f11b
// 重构日志: 01798e8d
// 同步 ID: 7650dd6f @ Tue Jul 21 20:16:01 UTC 2026
// 同步 ID: 503a0329 @ Thu Jul 23 17:12:44 UTC 2026
// 重构日志: f316d9b3
// 同步 ID: 3e6baef9 @ Fri Jul 24 02:39:53 UTC 2026
